<?xml version="1.0" encoding="UTF-8"?>
<testng-results skipped="0" failed="0" ignored="0" total="1" passed="1">
  <reporter-output>
  </reporter-output>
  <suite name="Default suite" duration-ms="46658" started-at="2020-05-19T15:06:33Z" finished-at="2020-05-19T15:07:19Z">
    <groups>
    </groups>
    <test name="Default test" duration-ms="46658" started-at="2020-05-19T15:06:33Z" finished-at="2020-05-19T15:07:19Z">
      <class name="com.training.sanity.tests.RTTC_040RetailDeleteCategory">
        <test-method status="PASS" signature="setUpBeforeClass()[pri:0, instance:com.training.sanity.tests.RTTC_040RetailDeleteCategory@3532ec19]" name="setUpBeforeClass" is-config="true" duration-ms="8" started-at="2020-05-19T20:36:33Z" finished-at="2020-05-19T20:36:33Z">
          <reporter-output>
          </reporter-output>
        </test-method> <!-- setUpBeforeClass -->
        <test-method status="PASS" signature="setUp()[pri:0, instance:com.training.sanity.tests.RTTC_040RetailDeleteCategory@3532ec19]" name="setUp" is-config="true" duration-ms="8791" started-at="2020-05-19T20:36:33Z" finished-at="2020-05-19T20:36:41Z">
          <reporter-output>
          </reporter-output>
        </test-method> <!-- setUp -->
        <test-method status="PASS" signature="testMethod()[pri:0, instance:com.training.sanity.tests.RTTC_040RetailDeleteCategory@3532ec19]" name="testMethod" duration-ms="37844" started-at="2020-05-19T20:36:41Z" finished-at="2020-05-19T20:37:19Z">
          <reporter-output>
          </reporter-output>
        </test-method> <!-- testMethod -->
      </class> <!-- com.training.sanity.tests.RTTC_040RetailDeleteCategory -->
    </test> <!-- Default test -->
  </suite> <!-- Default suite -->
</testng-results>
